0 info it worked if it ends with ok
1 verbose cli [ 'C:\\Program Files\\nodejs\\node.exe',
1 verbose cli   'C:\\Program Files\\nodejs\\node_modules\\npm\\bin\\npm-cli.js',
1 verbose cli   'run',
1 verbose cli   'dev' ]
2 info using npm@3.10.9
3 info using node@v7.2.0
4 verbose run-script [ 'predev', 'dev', 'postdev' ]
5 info lifecycle GdeRemonta.Net@1.0.0~predev: GdeRemonta.Net@1.0.0
6 silly lifecycle GdeRemonta.Net@1.0.0~predev: no script for predev, continuing
7 info lifecycle GdeRemonta.Net@1.0.0~dev: GdeRemonta.Net@1.0.0
8 verbose lifecycle GdeRemonta.Net@1.0.0~dev: unsafe-perm in lifecycle true
9 verbose lifecycle GdeRemonta.Net@1.0.0~dev: PATH: C:\Program Files\nodejs\node_modules\npm\bin\node-gyp-bin;e:\Nuxt\grn-app\node_modules\.bin;E:\openserver\modules\conemu\ConEmu\Scripts;E:\openserver\modules\conemu;E:\openserver\modules\conemu\ConEmu;e:\openserver\modules\php\PHP-7-x64\ext;e:\openserver\modules\php\PHP-7-x64\pear;e:\openserver\modules\php\PHP-7-x64\pear\bin;e:\openserver\modules\php\PHP-7-x64;e:\openserver\modules\wget\bin;e:\openserver\modules\database\MySQL-5.7-x64\bin;e:\openserver\modules\http\Apache-PHP-7-x64+Nginx-1.10\bin;e:\openserver\modules\http\Apache-PHP-7-x64+Nginx-1.10;C:\Windows\system32;C:\Windows;C:\Windows\system32\Wbem;C:\Windows\SysWOW64;C:\Program Files\nodejs;C:\Program Files\Git\cmd
10 verbose lifecycle GdeRemonta.Net@1.0.0~dev: CWD: e:\Nuxt\grn-app
11 silly lifecycle GdeRemonta.Net@1.0.0~dev: Args: [ '/d /s /c', 'nuxt' ]
12 silly lifecycle GdeRemonta.Net@1.0.0~dev: Returned: code: 3221225786  signal: null
13 info lifecycle GdeRemonta.Net@1.0.0~dev: Failed to exec dev script
14 verbose stack Error: GdeRemonta.Net@1.0.0 dev: `nuxt`
14 verbose stack Exit status 3221225786
14 verbose stack     at EventEmitter.<anonymous> (C:\Program Files\nodejs\node_modules\npm\lib\utils\lifecycle.js:255:16)
14 verbose stack     at emitTwo (events.js:106:13)
14 verbose stack     at EventEmitter.emit (events.js:191:7)
14 verbose stack     at ChildProcess.<anonymous> (C:\Program Files\nodejs\node_modules\npm\lib\utils\spawn.js:40:14)
14 verbose stack     at emitTwo (events.js:106:13)
14 verbose stack     at ChildProcess.emit (events.js:191:7)
14 verbose stack     at maybeClose (internal/child_process.js:885:16)
14 verbose stack     at Process.ChildProcess._handle.onexit (internal/child_process.js:226:5)
15 verbose pkgid GdeRemonta.Net@1.0.0
16 verbose cwd e:\Nuxt\grn-app
17 error Windows_NT 6.3.9600
18 error argv "C:\\Program Files\\nodejs\\node.exe" "C:\\Program Files\\nodejs\\node_modules\\npm\\bin\\npm-cli.js" "run" "dev"
19 error node v7.2.0
20 error npm  v3.10.9
21 error code ELIFECYCLE
22 error GdeRemonta.Net@1.0.0 dev: `nuxt`
22 error Exit status 3221225786
23 error Failed at the GdeRemonta.Net@1.0.0 dev script 'nuxt'.
23 error Make sure you have the latest version of node.js and npm installed.
23 error If you do, this is most likely a problem with the GdeRemonta.Net package,
23 error not with npm itself.
23 error Tell the author that this fails on your system:
23 error     nuxt
23 error You can get information on how to open an issue for this project with:
23 error     npm bugs GdeRemonta.Net
23 error Or if that isn't available, you can get their info via:
23 error     npm owner ls GdeRemonta.Net
23 error There is likely additional logging output above.
24 verbose exit [ 1, true ]
